{"name": "test_checkout_flow", "status": "failed", "statusDetails": {"message": "AssertionError: Order success message mismatch\nassert 'Thank you for your order!' == 'THANK YOU FOR YOUR ORDER'\n  \n  \u001b[0m\u001b[91m- THANK YOU FOR YOUR ORDER\u001b[39;49;00m\u001b[90m\u001b[39;49;00m\n  \u001b[92m+ Thank you for your order!\u001b[39;49;00m\u001b[90m\u001b[39;49;00m", "trace": "def test_checkout_flow():\n        with sync_playwright() as p:\n            browser = p.chromium.launch(headless=True)\n            page = browser.new_page()\n    \n            # Step 1 - Navigate\n            page.goto(\"https://www.saucedemo.com/\")\n    \n            # Step 2 - Login\n            login = LoginPage(page)\n            login.login()\n    \n            # Step 3 - Select 3 random items\n            inventory = InventoryPage(page)\n            selected_items = inventory.add_random_items(3)\n    \n            # Navigate to cart\n            inventory.go_to_cart()\n    \n            # Step 4 - Verify cart items\n            cart = CartPage(page)\n            cart_items = cart.get_cart_items()\n    \n            assert set(selected_items) == set(cart_items), \\\n                \"Selected items do not match items in cart\"\n    \n            # Continue to checkout\n            cart.checkout()\n    \n            # Step 5 - Fill checkout details\n            checkout = CheckoutPage(page)\n            checkout.fill_information()\n    \n            # Finish checkout\n            checkout.finish_checkout()\n    \n            # Step 6 - Assert success\n            success_msg = checkout.get_success_message()\n    \n>           assert success_msg == \"THANK YOU FOR YOUR ORDER\", \\\n                \"Order success message mismatch\"\nE           AssertionError: Order success message mismatch\nE           assert 'Thank you for your order!' == 'THANK YOU FOR YOUR ORDER'\nE             \nE             \u001b[0m\u001b[91m- THANK YOU FOR YOUR ORDER\u001b[39;49;00m\u001b[90m\u001b[39;49;00m\nE             \u001b[92m+ Thank you for your order!\u001b[39;49;00m\u001b[90m\u001b[39;49;00m\n\ntests\\test_checkout_flow.py:46: AssertionError"}, "start": 1764236021162, "stop": 1764236055771, "uuid": "982d51c7-30f9-4b60-814c-18bf074fd61e", "historyId": "23f63fd99927c8eb0300d30df0991842", "testCaseId": "23f63fd99927c8eb0300d30df0991842", "fullName": "tests.test_checkout_flow#test_checkout_flow", "labels": [{"name": "parentSuite", "value": "tests"}, {"name": "suite", "value": "test_checkout_flow"}, {"name": "host", "value": "Js"}, {"name": "thread", "value": "10560-MainThread"}, {"name": "framework", "value": "pytest"}, {"name": "language", "value": "cpython3"}, {"name": "package", "value": "tests.test_checkout_flow"}], "titlePath": ["tests", "test_checkout_flow.py"]}